#-----------------------------------------------------------
# Webtalk v2015.4 (64-bit)
# SW Build 1412921 on Wed Nov 18 09:43:45 MST 2015
# 
# Start of session at: Sun Dec 01 23:13:39 2019
# Process ID: 1704
# Current directory: C:/Users/0036472890/workspace/SSD1306_example/SSD1306_example.sdk/webtalk
# Command line: wbtcv.exe -mode batch -source sdk_webtalk.tcl
# Log file: C:/Users/0036472890/workspace/SSD1306_example/SSD1306_example.sdk/webtalk/webtalk.log
# Journal file: C:/Users/0036472890/workspace/SSD1306_example/SSD1306_example.sdk/webtalk\webtalk.jou
#-----------------------------------------------------------
source sdk_webtalk.tcl
# webtalk_init -webtalk_dir C:\\Users\\0036472890\\workspace\\SSD1306_example\\SSD1306_example.sdk\\webtalk
# webtalk_register_client -client project
# webtalk_add_data -client project -key date_generated -value "Sun Dec 1 23:13:36 2019" -context "software_version_and_target_device"
# webtalk_add_data -client project -key product_version -value "SDK v2015.4" -context "software_version_and_target_device"
# webtalk_add_data -client project -key build_version -value "2015.4" -context "software_version_and_target_device"
# webtalk_add_data -client project -key os_platform -value "amd64" -context "software_version_and_target_device"
# webtalk_add_data -client project -key registration_id -value "" -context "software_version_and_target_device"
# webtalk_add_data -client project -key tool_flow -value "SDK" -context "software_version_and_target_device"
# webtalk_add_data -client project -key beta -value "false" -context "software_version_and_target_device"
# webtalk_add_data -client project -key route_design -value "NA" -context "software_version_and_target_device"
# webtalk_add_data -client project -key target_family -value "NA" -context "software_version_and_target_device"
# webtalk_add_data -client project -key target_device -value "NA" -context "software_version_and_target_device"
# webtalk_add_data -client project -key target_package -value "NA" -context "software_version_and_target_device"
# webtalk_add_data -client project -key target_speed -value "NA" -context "software_version_and_target_device"
# webtalk_add_data -client project -key random_id -value "87bq1q7vqfqs69q4237he9679h" -context "software_version_and_target_device"
# webtalk_add_data -client project -key project_id -value "2015.4_21" -context "software_version_and_target_device"
# webtalk_add_data -client project -key project_iteration -value "21" -context "software_version_and_target_device"
# webtalk_add_data -client project -key os_name -value "" -context "user_environment"
# webtalk_add_data -client project -key os_release -value "" -context "user_environment"
# webtalk_add_data -client project -key cpu_name -value "" -context "user_environment"
# webtalk_add_data -client project -key cpu_speed -value "" -context "user_environment"
# webtalk_add_data -client project -key total_processors -value "" -context "user_environment"
# webtalk_add_data -client project -key system_ram -value "" -context "user_environment"
# webtalk_register_client -client sdk
# webtalk_add_data -client sdk -key uid -value "1575219085035" -context "sdk\\\\hardware/1575219085035"
# webtalk_add_data -client sdk -key isZynq -value "true" -context "sdk\\\\hardware/1575219085035"
# webtalk_add_data -client sdk -key Processors -value "2" -context "sdk\\\\hardware/1575219085035"
# webtalk_add_data -client sdk -key VivadoVersion -value "2015.4" -context "sdk\\\\hardware/1575219085035"
# webtalk_add_data -client sdk -key Arch -value "zynq" -context "sdk\\\\hardware/1575219085035"
# webtalk_add_data -client sdk -key Device -value "7z010" -context "sdk\\\\hardware/1575219085035"
# webtalk_add_data -client sdk -key IsHandoff -value "true" -context "sdk\\\\hardware/1575219085035"
# webtalk_add_data -client sdk -key uid -value "1575219142741" -context "sdk\\\\bsp/1575219142741"
# webtalk_add_data -client sdk -key hwid -value "1575219085035" -context "sdk\\\\bsp/1575219142741"
# webtalk_add_data -client sdk -key os -value "standalone" -context "sdk\\\\bsp/1575219142741"
# webtalk_add_data -client sdk -key apptemplate -value "hello_world" -context "sdk\\\\bsp/1575219142741"
# webtalk_add_data -client sdk -key uid -value "1575219155521" -context "sdk\\\\application/1575219155521"
# webtalk_add_data -client sdk -key hwid -value "1575219085035" -context "sdk\\\\application/1575219155521"
# webtalk_add_data -client sdk -key bspid -value "1575219142741" -context "sdk\\\\application/1575219155521"
# webtalk_add_data -client sdk -key newbsp -value "true" -context "sdk\\\\application/1575219155521"
# webtalk_add_data -client sdk -key os -value "standalone" -context "sdk\\\\application/1575219155521"
# webtalk_add_data -client sdk -key apptemplate -value "hello_world" -context "sdk\\\\application/1575219155521"
# webtalk_transmit -clientid 566754300 -regid "" -xml C:\\Users\\0036472890\\workspace\\SSD1306_example\\SSD1306_example.sdk\\webtalk\\usage_statistics_ext_sdk.xml -html C:\\Users\\0036472890\\workspace\\SSD1306_example\\SSD1306_example.sdk\\webtalk\\usage_statistics_ext_sdk.html -wdm C:\\Users\\0036472890\\workspace\\SSD1306_example\\SSD1306_example.sdk\\webtalk\\sdk_webtalk.wdm -intro "<H3>SDK Usage Report</H3><BR>"
# webtalk_terminate
INFO: [Common 17-206] Exiting Webtalk at Sun Dec 01 23:13:46 2019...
