#-----------------------------------------------------------
# Webtalk v2015.4 (64-bit)
# SW Build 1412921 on Wed Nov 18 09:43:45 MST 2015
# 
# Start of session at: Fri Dec 13 12:58:14 2019
# Process ID: 9484
# Current directory: C:/Users/0036472890/workspace/SSD1306_example/SSD1306_example.sdk/webtalk
# Command line: wbtcv.exe -mode batch -source sdk_webtalk.tcl
# Log file: C:/Users/0036472890/workspace/SSD1306_example/SSD1306_example.sdk/webtalk/webtalk.log
# Journal file: C:/Users/0036472890/workspace/SSD1306_example/SSD1306_example.sdk/webtalk\webtalk.jou
#-----------------------------------------------------------
source sdk_webtalk.tcl
# webtalk_init -webtalk_dir C:\\Users\\0036472890\\workspace\\SSD1306_example\\SSD1306_example.sdk\\webtalk
# webtalk_register_client -client project
# webtalk_add_data -client project -key date_generated -value "Fri Dec 13 12:58:13 2019" -context "software_version_and_target_device"
# webtalk_add_data -client project -key product_version -value "SDK v2015.4" -context "software_version_and_target_device"
# webtalk_add_data -client project -key build_version -value "2015.4" -context "software_version_and_target_device"
# webtalk_add_data -client project -key os_platform -value "amd64" -context "software_version_and_target_device"
# webtalk_add_data -client project -key registration_id -value "" -context "software_version_and_target_device"
# webtalk_add_data -client project -key tool_flow -value "SDK" -context "software_version_and_target_device"
# webtalk_add_data -client project -key beta -value "false" -context "software_version_and_target_device"
# webtalk_add_data -client project -key route_design -value "NA" -context "software_version_and_target_device"
# webtalk_add_data -client project -key target_family -value "NA" -context "software_version_and_target_device"
# webtalk_add_data -client project -key target_device -value "NA" -context "software_version_and_target_device"
# webtalk_add_data -client project -key target_package -value "NA" -context "software_version_and_target_device"
# webtalk_add_data -client project -key target_speed -value "NA" -context "software_version_and_target_device"
# webtalk_add_data -client project -key random_id -value "uj7h7168c6gjkj790qosnomisc" -context "software_version_and_target_device"
# webtalk_add_data -client project -key project_id -value "2015.4_23" -context "software_version_and_target_device"
# webtalk_add_data -client project -key project_iteration -value "23" -context "software_version_and_target_device"
# webtalk_add_data -client project -key os_name -value "" -context "user_environment"
# webtalk_add_data -client project -key os_release -value "" -context "user_environment"
# webtalk_add_data -client project -key cpu_name -value "" -context "user_environment"
# webtalk_add_data -client project -key cpu_speed -value "" -context "user_environment"
# webtalk_add_data -client project -key total_processors -value "" -context "user_environment"
# webtalk_add_data -client project -key system_ram -value "" -context "user_environment"
# webtalk_register_client -client sdk
# webtalk_add_data -client sdk -key uid -value "1576230668149" -context "sdk\\\\application/1576230668149"
# webtalk_add_data -client sdk -key hwid -value "1575219085035" -context "sdk\\\\application/1576230668149"
# webtalk_add_data -client sdk -key bspid -value "1575219142741" -context "sdk\\\\application/1576230668149"
# webtalk_add_data -client sdk -key newbsp -value "false" -context "sdk\\\\application/1576230668149"
# webtalk_add_data -client sdk -key os -value "standalone" -context "sdk\\\\application/1576230668149"
# webtalk_add_data -client sdk -key apptemplate -value "empty_application" -context "sdk\\\\application/1576230668149"
# webtalk_transmit -clientid 3200409198 -regid "" -xml C:\\Users\\0036472890\\workspace\\SSD1306_example\\SSD1306_example.sdk\\webtalk\\usage_statistics_ext_sdk.xml -html C:\\Users\\0036472890\\workspace\\SSD1306_example\\SSD1306_example.sdk\\webtalk\\usage_statistics_ext_sdk.html -wdm C:\\Users\\0036472890\\workspace\\SSD1306_example\\SSD1306_example.sdk\\webtalk\\sdk_webtalk.wdm -intro "<H3>SDK Usage Report</H3><BR>"
# webtalk_terminate
INFO: [Common 17-206] Exiting Webtalk at Fri Dec 13 12:58:17 2019...
